<?xml version="1.0" encoding="UTF-8"?>
<!-- Generated by org.testng.reporters.JUnitReportReporter -->
<testsuite skipped="0" hostname="DESKTOP-3GNVT0U" name="com.qa.testcases.Inventory_Items_Testing" tests="6" failures="0" timestamp="23 Dec 2020 10:55:04 GMT" time="784.508" errors="0">
  <testcase name="Different_quantities" time="266.099" classname="com.qa.testcases.Inventory_Items_Testing"/>
  <testcase name="Different_quantities" time="274.187" classname="com.qa.testcases.Inventory_Items_Testing"/>
  <testcase name="invalid_bin" time="58.380" classname="com.qa.testcases.Inventory_Items_Testing"/>
  <testcase name="invalidQuantity" time="61.272" classname="com.qa.testcases.Inventory_Items_Testing"/>
  <testcase name="invalidQuantity" time="64.540" classname="com.qa.testcases.Inventory_Items_Testing"/>
  <testcase name="invalidQuantity" time="60.030" classname="com.qa.testcases.Inventory_Items_Testing"/>
</testsuite> <!-- com.qa.testcases.Inventory_Items_Testing -->
