<?xml version="1.0" encoding="UTF-8"?>
<!-- Generated by org.testng.reporters.JUnitReportReporter -->
<testsuite skipped="0" hostname="DESKTOP-3GNVT0U" name="com.qa.testcases.Bin_mismatch" tests="1" failures="0" timestamp="24 Sep 2020 09:58:13 GMT" time="64.763" errors="0">
  <testcase name="itemScan" time="64.763" classname="com.qa.testcases.Bin_mismatch"/>
</testsuite> <!-- com.qa.testcases.Bin_mismatch -->
