<?xml version="1.0" encoding="UTF-8"?>
<!-- Generated by org.testng.reporters.JUnitReportReporter -->
<testsuite skipped="0" hostname="DESKTOP-3GNVT0U" name="com.qa.testcases.Lot_number_items_testcases" tests="21" failures="0" timestamp="24 Dec 2020 09:54:30 GMT" time="1634.500" errors="0">
  <testcase name="lot_number_processing" time="80.816" classname="com.qa.testcases.Lot_number_items_testcases"/>
  <testcase name="lot_number_processing" time="195.715" classname="com.qa.testcases.Lot_number_items_testcases"/>
  <testcase name="lot_number_processing" time="83.181" classname="com.qa.testcases.Lot_number_items_testcases"/>
  <testcase name="lot_number_processing" time="83.368" classname="com.qa.testcases.Lot_number_items_testcases"/>
  <testcase name="lot_number_processing" time="90.436" classname="com.qa.testcases.Lot_number_items_testcases"/>
  <testcase name="lot_number_processing" time="84.021" classname="com.qa.testcases.Lot_number_items_testcases"/>
  <testcase name="lot_number_processing" time="196.042" classname="com.qa.testcases.Lot_number_items_testcases"/>
  <testcase name="Without_lot_number" time="42.000" classname="com.qa.testcases.Lot_number_items_testcases"/>
  <testcase name="Without_lot_number" time="41.251" classname="com.qa.testcases.Lot_number_items_testcases"/>
  <testcase name="Invalid_data" time="61.681" classname="com.qa.testcases.Lot_number_items_testcases"/>
  <testcase name="Invalid_data" time="63.444" classname="com.qa.testcases.Lot_number_items_testcases"/>
  <testcase name="Invalid_data" time="58.405" classname="com.qa.testcases.Lot_number_items_testcases"/>
  <testcase name="Invalid_data" time="58.191" classname="com.qa.testcases.Lot_number_items_testcases"/>
  <testcase name="Invalid_data" time="71.601" classname="com.qa.testcases.Lot_number_items_testcases"/>
  <testcase name="Invalid_data" time="57.168" classname="com.qa.testcases.Lot_number_items_testcases"/>
  <testcase name="Invalid_data" time="62.161" classname="com.qa.testcases.Lot_number_items_testcases"/>
  <testcase name="Invalid_data" time="63.281" classname="com.qa.testcases.Lot_number_items_testcases"/>
  <testcase name="Invalid_data" time="64.487" classname="com.qa.testcases.Lot_number_items_testcases"/>
  <testcase name="Invalid_data" time="62.110" classname="com.qa.testcases.Lot_number_items_testcases"/>
  <testcase name="Invalid_data" time="61.283" classname="com.qa.testcases.Lot_number_items_testcases"/>
  <testcase name="bin_mismatch" time="53.858" classname="com.qa.testcases.Lot_number_items_testcases"/>
</testsuite> <!-- com.qa.testcases.Lot_number_items_testcases -->
