<?xml version="1.0" encoding="UTF-8"?>
<!-- Generated by org.testng.reporters.JUnitReportReporter -->
<testsuite skipped="1" hostname="DESKTOP-3GNVT0U" name="com.qa.testcases.Inventory_item_adjustment" tests="1" failures="0" timestamp="17 Sep 2020 14:35:30 GMT" time="0.000" errors="0">
  <testcase name="itemScan" time="0.000" classname="com.qa.testcases.Inventory_item_adjustment">
    <skipped/>
  </testcase> <!-- itemScan -->
</testsuite> <!-- com.qa.testcases.Inventory_item_adjustment -->
