<?xml version="1.0" encoding="UTF-8"?>
<!-- Generated by org.testng.reporters.JUnitReportReporter -->
<testsuite skipped="0" hostname="DESKTOP-3GNVT0U" name="com.qa.testcases.Lot_Number_bin_mismatch" tests="1" failures="0" timestamp="17 Sep 2020 16:29:37 GMT" time="49.383" errors="0">
  <testcase name="itemScan" time="49.383" classname="com.qa.testcases.Lot_Number_bin_mismatch"/>
</testsuite> <!-- com.qa.testcases.Lot_Number_bin_mismatch -->
