<?xml version="1.0" encoding="UTF-8"?>
<!-- Generated by org.testng.reporters.JUnitReportReporter -->
<testsuite skipped="0" hostname="DESKTOP-3GNVT0U" name="com.qa.testcases.Bin_mismatch_inventory" tests="1" failures="0" timestamp="17 Sep 2020 14:47:02 GMT" time="43.731" errors="0">
  <testcase name="itemScan" time="43.731" classname="com.qa.testcases.Bin_mismatch_inventory"/>
</testsuite> <!-- com.qa.testcases.Bin_mismatch_inventory -->
