<?xml version="1.0" encoding="UTF-8"?>
<!-- Generated by org.testng.reporters.JUnitReportReporter -->
<testsuite skipped="0" hostname="DESKTOP-3GNVT0U" name="com.qa.testcases.Without_giving_serial_number" tests="2" failures="0" timestamp="16 Sep 2020 15:43:13 GMT" time="98.092" errors="0">
  <testcase name="itemScan" time="52.795" classname="com.qa.testcases.Without_giving_serial_number"/>
  <testcase name="itemScan" time="45.297" classname="com.qa.testcases.Without_giving_serial_number"/>
</testsuite> <!-- com.qa.testcases.Without_giving_serial_number -->
