<?xml version="1.0" encoding="UTF-8"?>
<!-- Generated by org.testng.reporters.JUnitReportReporter -->
<testsuite skipped="1" hostname="DESKTOP-3GNVT0U" name="com.qa.testcases.TestCase1" tests="1" failures="0" timestamp="11 Sep 2020 12:40:06 GMT" time="0.000" errors="0">
  <testcase name="firsttest" time="0.000" classname="com.qa.testcases.TestCase1">
    <skipped/>
  </testcase> <!-- firsttest -->
</testsuite> <!-- com.qa.testcases.TestCase1 -->
